<?xml version="1.0" encoding="UTF-8"?>
<testsuite xmlns:xsi="http://www.w3.org/2001/XMLSchema-instance" xsi:noNamespaceSchemaLocation="https://maven.apache.org/surefire/maven-surefire-plugin/xsd/surefire-test-report-3.0.xsd" version="3.0" name="com.qa.ims.persistence.domain.CustomerTest" time="0.003" tests="19" errors="0" skipped="0" failures="0">
  <properties>
    <property name="java.specification.version" value="14"/>
    <property name="sun.cpu.isalist" value="amd64"/>
    <property name="sun.jnu.encoding" value="Cp1252"/>
    <property name="java.class.path" value="E:\Users\Fire-Rage\Desktop\Fundamental Project Specification (IMS)\ims-starting-point\ims-starting-point\target\test-classes;E:\Users\Fire-Rage\Desktop\Fundamental Project Specification (IMS)\ims-starting-point\ims-starting-point\target\classes;C:\Users\Fuck microsoft\.m2\repository\mysql\mysql-connector-java\8.0.19\mysql-connector-java-8.0.19.jar;C:\Users\Fuck microsoft\.m2\repository\com\google\protobuf\protobuf-java\3.6.1\protobuf-java-3.6.1.jar;C:\Users\Fuck microsoft\.m2\repository\org\apache\maven\plugins\maven-surefire-plugin\3.0.0-M5\maven-surefire-plugin-3.0.0-M5.jar;C:\Users\Fuck microsoft\.m2\repository\org\apache\maven\surefire\maven-surefire-common\3.0.0-M5\maven-surefire-common-3.0.0-M5.jar;C:\Users\Fuck microsoft\.m2\repository\org\apache\maven\surefire\surefire-api\3.0.0-M5\surefire-api-3.0.0-M5.jar;C:\Users\Fuck microsoft\.m2\repository\org\apache\maven\surefire\surefire-logger-api\3.0.0-M5\surefire-logger-api-3.0.0-M5.jar;C:\Users\Fuck microsoft\.m2\repository\org\apache\maven\surefire\surefire-extensions-api\3.0.0-M5\surefire-extensions-api-3.0.0-M5.jar;C:\Users\Fuck microsoft\.m2\repository\org\apache\maven\surefire\surefire-booter\3.0.0-M5\surefire-booter-3.0.0-M5.jar;C:\Users\Fuck microsoft\.m2\repository\org\apache\maven\surefire\surefire-extensions-spi\3.0.0-M5\surefire-extensions-spi-3.0.0-M5.jar;C:\Users\Fuck microsoft\.m2\repository\org\apache\maven\maven-toolchain\3.0-alpha-2\maven-toolchain-3.0-alpha-2.jar;C:\Users\Fuck microsoft\.m2\repository\org\apache\maven\shared\maven-artifact-transfer\0.11.0\maven-artifact-transfer-0.11.0.jar;C:\Users\Fuck microsoft\.m2\repository\org\apache\maven\shared\maven-common-artifact-filters\3.0.1\maven-common-artifact-filters-3.0.1.jar;C:\Users\Fuck microsoft\.m2\repository\org\apache\maven\maven-model\3.0\maven-model-3.0.jar;C:\Users\Fuck microsoft\.m2\repository\org\apache\maven\maven-plugin-api\3.0\maven-plugin-api-3.0.jar;C:\Users\Fuck microsoft\.m2\repository\org\sonatype\sisu\sisu-inject-plexus\1.4.2\sisu-inject-plexus-1.4.2.jar;C:\Users\Fuck microsoft\.m2\repository\org\codehaus\plexus\plexus-classworlds\2.2.3\plexus-classworlds-2.2.3.jar;C:\Users\Fuck microsoft\.m2\repository\org\sonatype\sisu\sisu-inject-bean\1.4.2\sisu-inject-bean-1.4.2.jar;C:\Users\Fuck microsoft\.m2\repository\org\sonatype\sisu\sisu-guice\2.1.7\sisu-guice-2.1.7-noaop.jar;C:\Users\Fuck microsoft\.m2\repository\org\apache\maven\shared\maven-shared-utils\3.1.0\maven-shared-utils-3.1.0.jar;C:\Users\Fuck microsoft\.m2\repository\commons-io\commons-io\2.5\commons-io-2.5.jar;C:\Users\Fuck microsoft\.m2\repository\commons-codec\commons-codec\1.11\commons-codec-1.11.jar;C:\Users\Fuck microsoft\.m2\repository\org\codehaus\plexus\plexus-java\1.0.5\plexus-java-1.0.5.jar;C:\Users\Fuck microsoft\.m2\repository\org\ow2\asm\asm\7.2\asm-7.2.jar;C:\Users\Fuck microsoft\.m2\repository\com\thoughtworks\qdox\qdox\2.0-M9\qdox-2.0-M9.jar;C:\Users\Fuck microsoft\.m2\repository\org\apache\maven\surefire\surefire-shared-utils\3.0.0-M4\surefire-shared-utils-3.0.0-M4.jar;C:\Users\Fuck microsoft\.m2\repository\log4j\log4j\1.2.17\log4j-1.2.17.jar;C:\Users\Fuck microsoft\.m2\repository\org\mockito\mockito-core\3.2.4\mockito-core-3.2.4.jar;C:\Users\Fuck microsoft\.m2\repository\net\bytebuddy\byte-buddy\1.10.5\byte-buddy-1.10.5.jar;C:\Users\Fuck microsoft\.m2\repository\net\bytebuddy\byte-buddy-agent\1.10.5\byte-buddy-agent-1.10.5.jar;C:\Users\Fuck microsoft\.m2\repository\org\objenesis\objenesis\2.6\objenesis-2.6.jar;C:\Users\Fuck microsoft\.m2\repository\junit\junit\4.12\junit-4.12.jar;C:\Users\Fuck microsoft\.m2\repository\org\hamcrest\hamcrest-core\1.3\hamcrest-core-1.3.jar;"/>
    <property name="java.vm.vendor" value="Oracle Corporation"/>
    <property name="sun.arch.data.model" value="64"/>
    <property name="user.variant" value=""/>
    <property name="java.vendor.url" value="https://java.oracle.com/"/>
    <property name="user.timezone" value="Europe/London"/>
    <property name="os.name" value="Windows 10"/>
    <property name="java.vm.specification.version" value="14"/>
    <property name="sun.java.launcher" value="SUN_STANDARD"/>
    <property name="user.country" value="GB"/>
    <property name="sun.boot.library.path" value="C:\Program Files\Java\jdk-14.0.1\bin"/>
    <property name="sun.java.command" value="C:\Users\Fuck microsoft\AppData\Local\Temp\surefire9787311555153594838\surefirebooter9396351965112392424.jar C:\Users\Fuck microsoft\AppData\Local\Temp\surefire9787311555153594838 2020-07-17T13-22-37_269-jvmRun1 surefire11193112199428880739tmp surefire_06227660726882772801tmp"/>
    <property name="jdk.debug" value="release"/>
    <property name="surefire.test.class.path" value="E:\Users\Fire-Rage\Desktop\Fundamental Project Specification (IMS)\ims-starting-point\ims-starting-point\target\test-classes;E:\Users\Fire-Rage\Desktop\Fundamental Project Specification (IMS)\ims-starting-point\ims-starting-point\target\classes;C:\Users\Fuck microsoft\.m2\repository\mysql\mysql-connector-java\8.0.19\mysql-connector-java-8.0.19.jar;C:\Users\Fuck microsoft\.m2\repository\com\google\protobuf\protobuf-java\3.6.1\protobuf-java-3.6.1.jar;C:\Users\Fuck microsoft\.m2\repository\org\apache\maven\plugins\maven-surefire-plugin\3.0.0-M5\maven-surefire-plugin-3.0.0-M5.jar;C:\Users\Fuck microsoft\.m2\repository\org\apache\maven\surefire\maven-surefire-common\3.0.0-M5\maven-surefire-common-3.0.0-M5.jar;C:\Users\Fuck microsoft\.m2\repository\org\apache\maven\surefire\surefire-api\3.0.0-M5\surefire-api-3.0.0-M5.jar;C:\Users\Fuck microsoft\.m2\repository\org\apache\maven\surefire\surefire-logger-api\3.0.0-M5\surefire-logger-api-3.0.0-M5.jar;C:\Users\Fuck microsoft\.m2\repository\org\apache\maven\surefire\surefire-extensions-api\3.0.0-M5\surefire-extensions-api-3.0.0-M5.jar;C:\Users\Fuck microsoft\.m2\repository\org\apache\maven\surefire\surefire-booter\3.0.0-M5\surefire-booter-3.0.0-M5.jar;C:\Users\Fuck microsoft\.m2\repository\org\apache\maven\surefire\surefire-extensions-spi\3.0.0-M5\surefire-extensions-spi-3.0.0-M5.jar;C:\Users\Fuck microsoft\.m2\repository\org\apache\maven\maven-toolchain\3.0-alpha-2\maven-toolchain-3.0-alpha-2.jar;C:\Users\Fuck microsoft\.m2\repository\org\apache\maven\shared\maven-artifact-transfer\0.11.0\maven-artifact-transfer-0.11.0.jar;C:\Users\Fuck microsoft\.m2\repository\org\apache\maven\shared\maven-common-artifact-filters\3.0.1\maven-common-artifact-filters-3.0.1.jar;C:\Users\Fuck microsoft\.m2\repository\org\apache\maven\maven-model\3.0\maven-model-3.0.jar;C:\Users\Fuck microsoft\.m2\repository\org\apache\maven\maven-plugin-api\3.0\maven-plugin-api-3.0.jar;C:\Users\Fuck microsoft\.m2\repository\org\sonatype\sisu\sisu-inject-plexus\1.4.2\sisu-inject-plexus-1.4.2.jar;C:\Users\Fuck microsoft\.m2\repository\org\codehaus\plexus\plexus-classworlds\2.2.3\plexus-classworlds-2.2.3.jar;C:\Users\Fuck microsoft\.m2\repository\org\sonatype\sisu\sisu-inject-bean\1.4.2\sisu-inject-bean-1.4.2.jar;C:\Users\Fuck microsoft\.m2\repository\org\sonatype\sisu\sisu-guice\2.1.7\sisu-guice-2.1.7-noaop.jar;C:\Users\Fuck microsoft\.m2\repository\org\apache\maven\shared\maven-shared-utils\3.1.0\maven-shared-utils-3.1.0.jar;C:\Users\Fuck microsoft\.m2\repository\commons-io\commons-io\2.5\commons-io-2.5.jar;C:\Users\Fuck microsoft\.m2\repository\commons-codec\commons-codec\1.11\commons-codec-1.11.jar;C:\Users\Fuck microsoft\.m2\repository\org\codehaus\plexus\plexus-java\1.0.5\plexus-java-1.0.5.jar;C:\Users\Fuck microsoft\.m2\repository\org\ow2\asm\asm\7.2\asm-7.2.jar;C:\Users\Fuck microsoft\.m2\repository\com\thoughtworks\qdox\qdox\2.0-M9\qdox-2.0-M9.jar;C:\Users\Fuck microsoft\.m2\repository\org\apache\maven\surefire\surefire-shared-utils\3.0.0-M4\surefire-shared-utils-3.0.0-M4.jar;C:\Users\Fuck microsoft\.m2\repository\log4j\log4j\1.2.17\log4j-1.2.17.jar;C:\Users\Fuck microsoft\.m2\repository\org\mockito\mockito-core\3.2.4\mockito-core-3.2.4.jar;C:\Users\Fuck microsoft\.m2\repository\net\bytebuddy\byte-buddy\1.10.5\byte-buddy-1.10.5.jar;C:\Users\Fuck microsoft\.m2\repository\net\bytebuddy\byte-buddy-agent\1.10.5\byte-buddy-agent-1.10.5.jar;C:\Users\Fuck microsoft\.m2\repository\org\objenesis\objenesis\2.6\objenesis-2.6.jar;C:\Users\Fuck microsoft\.m2\repository\junit\junit\4.12\junit-4.12.jar;C:\Users\Fuck microsoft\.m2\repository\org\hamcrest\hamcrest-core\1.3\hamcrest-core-1.3.jar;"/>
    <property name="sun.cpu.endian" value="little"/>
    <property name="user.home" value="C:\Users\Fuck microsoft"/>
    <property name="user.language" value="en"/>
    <property name="java.specification.vendor" value="Oracle Corporation"/>
    <property name="java.version.date" value="2020-04-14"/>
    <property name="java.home" value="C:\Program Files\Java\jdk-14.0.1"/>
    <property name="file.separator" value="\"/>
    <property name="basedir" value="E:\Users\Fire-Rage\Desktop\Fundamental Project Specification (IMS)\ims-starting-point\ims-starting-point"/>
    <property name="java.vm.compressedOopsMode" value="Zero based"/>
    <property name="line.separator" value="&#10;"/>
    <property name="java.vm.specification.vendor" value="Oracle Corporation"/>
    <property name="java.specification.name" value="Java Platform API Specification"/>
    <property name="surefire.real.class.path" value="C:\Users\Fuck microsoft\AppData\Local\Temp\surefire9787311555153594838\surefirebooter9396351965112392424.jar"/>
    <property name="user.script" value=""/>
    <property name="sun.management.compiler" value="HotSpot 64-Bit Tiered Compilers"/>
    <property name="java.runtime.version" value="14.0.1+7"/>
    <property name="user.name" value="Fuck microsoft"/>
    <property name="path.separator" value=";"/>
    <property name="os.version" value="10.0"/>
    <property name="java.runtime.name" value="OpenJDK Runtime Environment"/>
    <property name="file.encoding" value="Cp1252"/>
    <property name="java.vm.name" value="OpenJDK 64-Bit Server VM"/>
    <property name="localRepository" value="C:\Users\Fuck microsoft\.m2\repository"/>
    <property name="java.vendor.url.bug" value="https://bugreport.java.com/bugreport/"/>
    <property name="java.io.tmpdir" value="C:\Users\FUCKMI~1\AppData\Local\Temp\"/>
    <property name="java.version" value="14.0.1"/>
    <property name="user.dir" value="E:\Users\Fire-Rage\Desktop\Fundamental Project Specification (IMS)\ims-starting-point\ims-starting-point"/>
    <property name="os.arch" value="amd64"/>
    <property name="java.vm.specification.name" value="Java Virtual Machine Specification"/>
    <property name="sun.os.patch.level" value=""/>
    <property name="java.library.path" value="C:\Program Files\Java\jdk-14.0.1\bin;C:\WINDOWS\Sun\Java\bin;C:\WINDOWS\system32;C:\WINDOWS;C:\Program Files (x86)\NVIDIA Corporation\PhysX\Common;C:\WINDOWS\system32;C:\WINDOWS;C:\WINDOWS\System32\Wbem;C:\WINDOWS\System32\WindowsPowerShell\v1.0\;C:\WINDOWS\System32\OpenSSH\;E:\Program Files\Git\cmd;C:\Program Files\Java\jdk-14.0.1\bin;E:\Program Files\apache-maven-3.6.3-bin\apache-maven-3.6.3\bin;E:\Program Files\MySQL\MySQL Shell 8.0\bin\;C:\Users\Fuck microsoft\.cargo\bin;C:\Users\Fuck microsoft\AppData\Local\Microsoft\WindowsApps;C:\Users\Fuck microsoft\AppData\Local\Programs\Microsoft VS Code\bin;C:\Users\Fuck microsoft\AppData\Local\GitHubDesktop\bin;C:\Program Files\Java\jdk-14.0.1;E:\Program Files\apache-maven-3.6.3-bin\apache-maven-3.6.3;;."/>
    <property name="java.vm.info" value="mixed mode, sharing"/>
    <property name="java.vendor" value="Oracle Corporation"/>
    <property name="java.vm.version" value="14.0.1+7"/>
    <property name="sun.io.unicode.encoding" value="UnicodeLittle"/>
    <property name="java.class.version" value="58.0"/>
  </properties>
  <testcase name="checkEqualityBetweenDifferentObjectsNullName" classname="com.qa.ims.persistence.domain.CustomerTest" time="0"/>
  <testcase name="customerNamesNotEqual" classname="com.qa.ims.persistence.domain.CustomerTest" time="0"/>
  <testcase name="constructorWithoutId" classname="com.qa.ims.persistence.domain.CustomerTest" time="0"/>
  <testcase name="checkEqualityBetweenDifferentObjects" classname="com.qa.ims.persistence.domain.CustomerTest" time="0"/>
  <testcase name="checkEquality" classname="com.qa.ims.persistence.domain.CustomerTest" time="0"/>
  <testcase name="nullId" classname="com.qa.ims.persistence.domain.CustomerTest" time="0"/>
  <testcase name="customerNameNullButOtherNameNotNull" classname="com.qa.ims.persistence.domain.CustomerTest" time="0"/>
  <testcase name="equalsWithNull" classname="com.qa.ims.persistence.domain.CustomerTest" time="0"/>
  <testcase name="nullIdOnBoth" classname="com.qa.ims.persistence.domain.CustomerTest" time="0"/>
  <testcase name="nullSurnameOnBoth" classname="com.qa.ims.persistence.domain.CustomerTest" time="0"/>
  <testcase name="nullSurname" classname="com.qa.ims.persistence.domain.CustomerTest" time="0"/>
  <testcase name="equalsWithDifferentObject" classname="com.qa.ims.persistence.domain.CustomerTest" time="0"/>
  <testcase name="toStringTest" classname="com.qa.ims.persistence.domain.CustomerTest" time="0"/>
  <testcase name="otherSurnameDifferent" classname="com.qa.ims.persistence.domain.CustomerTest" time="0"/>
  <testcase name="settersTest" classname="com.qa.ims.persistence.domain.CustomerTest" time="0"/>
  <testcase name="createCustomerWithId" classname="com.qa.ims.persistence.domain.CustomerTest" time="0"/>
  <testcase name="hashCodeTest" classname="com.qa.ims.persistence.domain.CustomerTest" time="0"/>
  <testcase name="hashCodeTestWithNull" classname="com.qa.ims.persistence.domain.CustomerTest" time="0"/>
  <testcase name="otherIdDifferent" classname="com.qa.ims.persistence.domain.CustomerTest" time="0"/>
</testsuite>